  test.c
D:\VS2019\test_12_29\test_12_29\test.c(7,1): error C2011: “_complex”:“struct”类型重定义
D:\Windows Kits\10\Include\10.0.19041.0\ucrt\corecrt_math.h(37): message : 参见“_complex”的声明
D:\VS2019\test_12_29\test_12_29\test.c(12,18): error C2143: 语法错误: 缺少“)”(在“*”的前面)
D:\VS2019\test_12_29\test_12_29\test.c(12,18): error C2143: 语法错误: 缺少“{”(在“*”的前面)
D:\VS2019\test_12_29\test_12_29\test.c(12,30): error C2143: 语法错误: 缺少“;”(在“*”的前面)
D:\VS2019\test_12_29\test_12_29\test.c(12,33): error C2059: 语法错误:“)”
D:\VS2019\test_12_29\test_12_29\test.c(13,1): error C2054: 在“b”之后应输入“(”
D:\VS2019\test_12_29\test_12_29\test.c(18,13): error C2065: “_complex”: 未声明的标识符
D:\VS2019\test_12_29\test_12_29\test.c(18,13): error C2146: 语法错误: 缺少“;”(在标识符“a1”的前面)
D:\VS2019\test_12_29\test_12_29\test.c(18,15): warning C4013: “a1”未定义；假设外部返回 int
D:\VS2019\test_12_29\test_12_29\test.c(18,25): warning C4013: “a2”未定义；假设外部返回 int
D:\VS2019\test_12_29\test_12_29\test.c(19,9): warning C4013: “swap”未定义；假设外部返回 int
D:\VS2019\test_12_29\test_12_29\test.c(20,9): error C2143: 语法错误: 缺少“;”(在“return”的前面)
D:\VS2019\test_12_29\test_12_29\test.c(21,1): error C2143: 语法错误: 缺少“;”(在“}”的前面)
